[2025-03-10 17:34:27] File modified: C:\Users\tapso\OneDrive\Documents\resuktat.txt | User: SUNNOGO_CALEB\tapso | Detected at: 2025-03-10 17:34:27 | Modified at: 03/10/2025 17:34:26 | Old Hash: 78D62DF1556534A6C418E912E1976D4CADB0A4165DF90EDA3E975B03E9A898CA | New Hash: C30788883D45BEB6630493CF0725FBDC1AB55FD1128A3489B8326AF19128D4A1
[2025-03-10 17:34:47] File modified: C:\Users\tapso\OneDrive\Documents\resuktat.txt | User: SUNNOGO_CALEB\tapso | Detected at: 2025-03-10 17:34:47 | Modified at: 03/10/2025 17:34:45 | Old Hash: C30788883D45BEB6630493CF0725FBDC1AB55FD1128A3489B8326AF19128D4A1 | New Hash: 3EEB277C1F62B112DDEC5D4BE8F266ECB78BEEB209F8DB835FDF654E0AFE0B8B
[2025-03-12 18:34:02] Added file: C:\Users\tapso\OneDrive\Documents\resuktat.txt (Hash: B3D83593072894C559DD9D5F92FF353F6BF0123F0E466AA117563F1D9AC25280)
[2025-03-12 18:34:12] File modified: C:\Users\tapso\OneDrive\Documents\resuktat.txt | User: SUNNOGO_CALEB\tapso | Modified at: 03/12/2025 18:34:08 | Old Hash: 387FFE614FD428D7B69960E5F60689F8C6CC8B9B840C9F6B7AD7883C0354A5FE | New Hash: 1DD80F645A88D926699A7A1C104C1112AA1D51526850ED7CD01457F171A9B6CF
[2025-03-12 18:34:32] File modified: C:\Users\tapso\OneDrive\Documents\resuktat.txt | User: SUNNOGO_CALEB\tapso | Modified at: 03/12/2025 18:34:31 | Old Hash: 1DD80F645A88D926699A7A1C104C1112AA1D51526850ED7CD01457F171A9B6CF | New Hash: 92749FEBCF7C786C6D6F34716317FC88FF90A30328565B45A460516A6F6FA1BF
[2025-03-12 18:40:03] Added file: C:\Users\tapso\OneDrive\Documents\resuktat.txt (Hash: )
[2025-03-12 18:40:14] File modified: C:\Users\tapso\OneDrive\Documents\resuktat.txt | User: SUNNOGO_CALEB\tapso | Modified at: 03/12/2025 18:40:12 | Old Hash: 92749FEBCF7C786C6D6F34716317FC88FF90A30328565B45A460516A6F6FA1BF | New Hash: 54708308CBDD54555DB1EEC9E0FC91691698554BDB25EAE9D77BF087FEDBBEF0
[2025-03-12 18:40:49] File modified: C:\Users\tapso\OneDrive\Documents\resuktat.txt | User: SUNNOGO_CALEB\tapso | Modified at: 03/12/2025 18:40:46 | Old Hash: 54708308CBDD54555DB1EEC9E0FC91691698554BDB25EAE9D77BF087FEDBBEF0 | New Hash: B7A7A361011B0233CD87A579220E099D8DDC0A8948B971838C45C15201DC491C
[2025-03-12 18:42:17] Added folder: C:\Users\tapso\OneDrive\Documents\Cloud_Practice (Hash: E3B0C44298FC1C149AFBF4C8996FB92427AE41E4649B934CA495991B7852B855)
[2025-03-12 18:43:44] Added folder: C:\Users\tapso\OneDrive\Documents\Cloud_Practice (Hash: 3C4103934B1E040BB6B23F1D610B4EF9F2F1166A50A104EADCF77467C004C600)
[2025-03-12 18:43:59] Folder modified: C:\Users\tapso\OneDrive\Documents\Cloud_Practice | User: SUNNOGO_CALEB\tapso | Detected at: 2025-03-12 18:43:59 | Modified at: 03/12/2025 17:05:35 | Old Hash: 3C4103934B1E040BB6B23F1D610B4EF9F2F1166A50A104EADCF77467C004C600 | New Hash: EB99AD094AA076E6B3B791EF8BEA5A7385EA84B824DC92BD956AB035EC72058C
[2025-03-12 18:44:14] Folder modified: C:\Users\tapso\OneDrive\Documents\Cloud_Practice | User: SUNNOGO_CALEB\tapso | Detected at: 2025-03-12 18:44:14 | Modified at: 03/12/2025 18:44:10 | Old Hash: EB99AD094AA076E6B3B791EF8BEA5A7385EA84B824DC92BD956AB035EC72058C | New Hash: F0A11B69BA00B799193AFA20E4B0BD00DA8DD541D46C09C9750B3DF5ABDF8930
[2025-03-12 18:45:45] Added folder: C:\Users\tapso\OneDrive\Documents\Cloud_Practice (Hash: F0A11B69BA00B799193AFA20E4B0BD00DA8DD541D46C09C9750B3DF5ABDF8930)
[2025-03-12 18:45:55] Folder modified: C:\Users\tapso\OneDrive\Documents\Cloud_Practice | User: SUNNOGO_CALEB\tapso | Detected at: 2025-03-12 18:45:55 | Modified at: 03/12/2025 18:45:51 | Old Hash: F0A11B69BA00B799193AFA20E4B0BD00DA8DD541D46C09C9750B3DF5ABDF8930 | New Hash: EB99AD094AA076E6B3B791EF8BEA5A7385EA84B824DC92BD956AB035EC72058C
[2025-03-12 18:46:10] Folder modified: C:\Users\tapso\OneDrive\Documents\Cloud_Practice | User: SUNNOGO_CALEB\tapso | Detected at: 2025-03-12 18:46:10 | Modified at: 03/12/2025 18:45:51 | Old Hash: EB99AD094AA076E6B3B791EF8BEA5A7385EA84B824DC92BD956AB035EC72058C | New Hash: 4366E014226DEBDEA338B7479F1ADA8E8018F89FECF05F14098349F2611A066A
[2025-03-12 19:00:26] Connection to 7000 :443 (PID: 49636) established!
[2025-03-12 19:04:40] Connection to 20.198.162.76 established!
[2025-03-12 19:07:27] Connection to 20.198.162.76 established!
[2025-03-12 19:07:27] Connection to 127.0.0.1 established!
[2025-03-12 19:13:43] Connection to 20.198.162.76 : 443 (PID: 7000) established!
[2025-03-12 19:13:43] Connection to 127.0.0.1 : 53761 (PID: 7388) established!
[2025-03-12 20:27:37] Added file: C:\Users\tapso\OneDrive\Documents\resuktat.txt (Hash: )
[2025-03-12 20:27:37] Added file: C:\Users\tapso\OneDrive\Documents\Nouveau Document texte.txt (Hash: )
[2025-03-12 20:27:47] File modified: C:\Users\tapso\OneDrive\Documents\resuktat.txt | User: SUNNOGO_CALEB\tapso | Modified at: 03/12/2025 20:27:47 | Old Hash: B7A7A361011B0233CD87A579220E099D8DDC0A8948B971838C45C15201DC491C | New Hash: 387FFE614FD428D7B69960E5F60689F8C6CC8B9B840C9F6B7AD7883C0354A5FE
[2025-03-12 20:28:08] File modified: C:\Users\tapso\OneDrive\Documents\resuktat.txt | User: SUNNOGO_CALEB\tapso | Modified at: 03/12/2025 20:28:07 | Old Hash: 387FFE614FD428D7B69960E5F60689F8C6CC8B9B840C9F6B7AD7883C0354A5FE | New Hash: B3EC82438BAA44F72F87C8F65679055841F4666A35E127888C0085044D39C864
[2025-03-12 20:31:18] File modified: C:\Users\tapso\OneDrive\Documents\resuktat.txt | User: SUNNOGO_CALEB\tapso | Modified at: 03/12/2025 20:31:15 | Old Hash: B3EC82438BAA44F72F87C8F65679055841F4666A35E127888C0085044D39C864 | New Hash: 9BAD750D0B1BE629CE6CBC4C92F517D520DD31CE59BE4F66514E34A8B5CFC304
